<?xml version="1.0" encoding="UTF-8"?>
<testng-results ignored="0" total="1" passed="1" failed="0" skipped="0">
  <reporter-output>
  </reporter-output>
  <suite started-at="2023-01-02T06:08:24 IST" name="Default suite" finished-at="2023-01-02T06:09:49 IST" duration-ms="85551">
    <groups>
    </groups>
    <test started-at="2023-01-02T06:08:24 IST" name="Default test" finished-at="2023-01-02T06:09:49 IST" duration-ms="85551">
      <class name="com.vtiger.contacts.CreateContactWithOrganizationTest">
        <test-method is-config="true" signature="classSetup()[pri:0, instance:com.vtiger.contacts.CreateContactWithOrganizationTest@7b36aa0c]" started-at="2023-01-02T06:08:24 IST" name="classSetup" finished-at="2023-01-02T06:09:15 IST" duration-ms="51188" status="PASS">
          <reporter-output>
          </reporter-output>
        </test-method> <!-- classSetup -->
        <test-method is-config="true" signature="methodSetup()[pri:0, instance:com.vtiger.contacts.CreateContactWithOrganizationTest@7b36aa0c]" started-at="2023-01-02T06:09:15 IST" name="methodSetup" finished-at="2023-01-02T06:09:19 IST" duration-ms="4700" status="PASS">
          <reporter-output>
          </reporter-output>
        </test-method> <!-- methodSetup -->
        <test-method signature="createContactWithOrganizationTest()[pri:0, instance:com.vtiger.contacts.CreateContactWithOrganizationTest@7b36aa0c]" started-at="2023-01-02T06:09:19 IST" name="createContactWithOrganizationTest" finished-at="2023-01-02T06:09:47 IST" duration-ms="27889" status="PASS">
          <reporter-output>
          </reporter-output>
        </test-method> <!-- createContactWithOrganizationTest -->
        <test-method is-config="true" signature="methodTearDown()[pri:0, instance:com.vtiger.contacts.CreateContactWithOrganizationTest@7b36aa0c]" started-at="2023-01-02T06:09:47 IST" name="methodTearDown" finished-at="2023-01-02T06:09:49 IST" duration-ms="1495" status="PASS">
          <reporter-output>
          </reporter-output>
        </test-method> <!-- methodTearDown -->
        <test-method is-config="true" signature="classTearDown()[pri:0, instance:com.vtiger.contacts.CreateContactWithOrganizationTest@7b36aa0c]" started-at="2023-01-02T06:09:49 IST" name="classTearDown" finished-at="2023-01-02T06:09:49 IST" duration-ms="245" status="PASS">
          <reporter-output>
          </reporter-output>
        </test-method> <!-- classTearDown -->
      </class> <!-- com.vtiger.contacts.CreateContactWithOrganizationTest -->
    </test> <!-- Default test -->
  </suite> <!-- Default suite -->
</testng-results>
